<?xml version="1.0" encoding="UTF-8"?>
<!-- Generated by org.testng.reporters.JUnitXMLReporter -->
<testsuite hostname="asd1545po01976" name="Default test" tests="4" failures="0" timestamp="10 Jul 2018 07:07:13 GMT" time="11.608" errors="0">
  <testcase name="check_for_exitIntent" time="2.374" classname="Test.NewTest"/>
  <testcase name="check_for_hovers" time="0.309" classname="Test.NewTest"/>
  <testcase name="check_for_login1" time="0.448" classname="Test.NewTest"/>
  <testcase name="check_for_login2" time="0.461" classname="Test.NewTest"/>
</testsuite> <!-- Default test -->
